<?xml version="1.0" encoding="UTF-8"?>
<!-- Generated by org.testng.reporters.JUnitReportReporter -->
<testsuite skipped="0" hostname="DELL1" name="com.MavenTry.com.SampleMav.FirstTestTry" tests="1" failures="0" timestamp="30 Oct 2019 11:47:21 GMT" time="13.604" errors="0">
  <testcase name="try1" time="13.604" classname="com.MavenTry.com.SampleMav.FirstTestTry"/>
</testsuite> <!-- com.MavenTry.com.SampleMav.FirstTestTry -->
