<?xml version="1.0" encoding="UTF-8"?>
<!-- Generated by org.testng.reporters.JUnitReportReporter -->
<testsuite skipped="0" hostname="DELL1" name="com.MavenTry.com.SampleMav.FirstTestTry" tests="1" failures="0" timestamp="30 Oct 2019 10:53:59 GMT" time="9.940" errors="0">
  <testcase name="try1" time="9.940" classname="com.MavenTry.com.SampleMav.FirstTestTry"/>
</testsuite> <!-- com.MavenTry.com.SampleMav.FirstTestTry -->
